<?xml version="1.0" encoding="UTF-8"?>
<!-- Generated by org.testng.reporters.JUnitReportReporter -->
<testsuite hostname="LAPTOP-9H1UAGN3" failures="0" tests="2" name="testng.DataProviderClass" time="0.004" errors="0" timestamp="2021-01-14T15:27:15 IST" skipped="0">
  <testcase classname="testng.DataProviderClass" name="createuser" time="0.002"/>
  <system-out>
user B	12345  </system-out>
  <testcase classname="testng.DataProviderClass" name="createuser" time="0.002"/>
  <system-out>
user A	pass123  </system-out>
</testsuite> <!-- testng.DataProviderClass -->
