<?xml version="1.0" encoding="UTF-8"?>
<!-- Generated by org.testng.reporters.JUnitReportReporter -->
<testsuite hostname="LAPTOP-9H1UAGN3" failures="0" tests="3" name="testng.SkipExecution" time="0.002" errors="0" timestamp="2021-01-14T15:27:15 IST" skipped="1">
  <testcase classname="testng.SkipExecution" name="testA" time="0.001"/>
  <system-out>
user is registered  </system-out>
  <testcase classname="testng.SkipExecution" name="testC" time="0.001"/>
  <system-out>
user is deleted  </system-out>
  <testcase classname="testng.SkipExecution" name="testB">
    <skipped/>
  </testcase> <!-- testB -->
  <system-out/>
</testsuite> <!-- testng.SkipExecution -->
