<?xml version="1.0" encoding="UTF-8"?>
<!-- Generated by org.testng.reporters.JUnitReportReporter -->
<testsuite hostname="LAPTOP-9H1UAGN3" failures="0" tests="2" name="testng.Annotations" time="0.009" errors="0" timestamp="2021-01-14T15:27:15 IST" skipped="0">
  <testcase classname="testng.Annotations" name="testB" time="0.005"/>
  <system-out>
run test B........  </system-out>
  <testcase classname="testng.Annotations" name="testA" time="0.004"/>
  <system-out>
run test A........  </system-out>
</testsuite> <!-- testng.Annotations -->
