<?xml version="1.0" encoding="UTF-8"?>
<!-- Generated by org.testng.reporters.JUnitReportReporter -->
<testsuite hostname="LAPTOP-9H1UAGN3" failures="0" tests="3" name="testng.Demo_group" time="0.010" errors="0" timestamp="2021-01-14T15:27:15 IST" skipped="0">
  <testcase classname="testng.Demo_group" name="createuser" time="0.003"/>
  <system-out>
create user..  </system-out>
  <testcase classname="testng.Demo_group" name="edituser" time="0.002"/>
  <system-out>
edit user..  </system-out>
  <testcase classname="testng.Demo_group" name="deleteuser" time="0.005"/>
  <system-out>
delete user..  </system-out>
</testsuite> <!-- testng.Demo_group -->
