<?xml version="1.0" encoding="UTF-8"?>
<!-- Generated by org.testng.reporters.JUnitReportReporter -->
<testsuite hostname="LAPTOP-9H1UAGN3" failures="0" tests="5" name="testng.InvocationCount" time="0.020" errors="0" timestamp="2021-01-14T15:27:15 IST" skipped="0">
  <testcase classname="testng.InvocationCount" name="createUser" time="0.003"/>
  <system-out>
user created successfully..  </system-out>
  <testcase classname="testng.InvocationCount" name="createUser" time="0.005"/>
  <system-out>
user created successfully..  </system-out>
  <testcase classname="testng.InvocationCount" name="createUser" time="0.003"/>
  <system-out>
user created successfully..  </system-out>
  <testcase classname="testng.InvocationCount" name="createUser" time="0.006"/>
  <system-out>
user created successfully..  </system-out>
  <testcase classname="testng.InvocationCount" name="createUser" time="0.003"/>
  <system-out>
user created successfully..  </system-out>
</testsuite> <!-- testng.InvocationCount -->
