<?xml version="1.0" encoding="UTF-8"?>
<!-- Generated by org.testng.reporters.JUnitReportReporter -->
<testsuite hostname="LAPTOP-9H1UAGN3" failures="0" tests="1" name="testng.Annotations_sample" time="0.008" errors="0" timestamp="2021-01-17T13:21:07 IST" skipped="0">
  <testcase classname="testng.Annotations_sample" name="testC" time="0.008"/>
  <system-out>
run test c...  </system-out>
</testsuite> <!-- testng.Annotations_sample -->
