<?xml version="1.0" encoding="UTF-8"?>
<!-- Generated by org.testng.reporters.JUnitReportReporter -->
<testsuite hostname="LAPTOP-9H1UAGN3" failures="0" tests="3" name="testng.Demo1" time="0.006" errors="0" timestamp="2021-01-14T15:27:15 IST" skipped="0">
  <testcase classname="testng.Demo1" name="testA" time="0.003"/>
  <system-out>
user is registered  </system-out>
  <testcase classname="testng.Demo1" name="testB" time="0.001"/>
  <system-out>
user is edited  </system-out>
  <testcase classname="testng.Demo1" name="testC" time="0.002"/>
  <system-out>
user is deleted  </system-out>
</testsuite> <!-- testng.Demo1 -->
