<?xml version="1.0" encoding="UTF-8"?>
<!-- Generated by org.testng.reporters.JUnitReportReporter -->
<testsuite hostname="LAPTOP-9H1UAGN3" failures="0" tests="3" name="testng.Demo2_dependsOnMethod" time="0.005" errors="0" timestamp="2021-01-14T15:27:15 IST" skipped="0">
  <testcase classname="testng.Demo2_dependsOnMethod" name="register" time="0.002"/>
  <system-out>
user is register....  </system-out>
  <testcase classname="testng.Demo2_dependsOnMethod" name="edited" time="0.002"/>
  <system-out>
user is edited  </system-out>
  <testcase classname="testng.Demo2_dependsOnMethod" name="deleted" time="0.001"/>
  <system-out>
register deleted...  </system-out>
</testsuite> <!-- testng.Demo2_dependsOnMethod -->
