<?xml version="1.0" encoding="UTF-8"?>
<!-- Generated by org.testng.reporters.JUnitReportReporter -->
<testsuite hostname="LAPTOP-9H1UAGN3" failures="0" tests="1" name="testng.Sample1" time="0.003" errors="0" timestamp="2021-01-14T15:27:15 IST" skipped="0">
  <testcase classname="testng.Sample1" name="testA" time="0.003"/>
  <system-out>
hello...  </system-out>
</testsuite> <!-- testng.Sample1 -->
